#
# A fatal error has been detected by the Java Runtime Environment:
#
#  EXCEPTION_ACCESS_VIOLATION (0xc0000005) at pc=0x000000006ff3a0a5, pid=12044, tid=0x000000000000324c
#
# JRE version: Java(TM) SE Runtime Environment (8.0_101-b13) (build 1.8.0_101-b13)
# Java VM: Java HotSpot(TM) 64-Bit Server VM (25.101-b13 mixed mode windows-amd64 compressed oops)
# Problematic frame:
# V  [jvm.dll+0x12a0a5]
#
# Failed to write core dump. Minidumps are not enabled by default on client versions of Windows
#
# If you would like to submit a bug report, please visit:
#   http://bugreport.java.com/bugreport/crash.jsp
#

---------------  T H R E A D  ---------------

Current thread (0x000000001d216800):  JavaThread "JDWP Transport Listener: dt_socket" daemon [_thread_in_vm, id=12876, stack(0x000000001d990000,0x000000001da90000)]

siginfo: ExceptionCode=0xc0000005, reading address 0xffffffffffffffff

Registers:
RAX=0x000000001da8f101, RBX=0x000000001d216800, RCX=0x1000b62d0c00b206, RDX=0x0000000000000000
RSP=0x000000001da8f0d0, RBP=0x1000b62d0c00b206, RSI=0x000000001da8f1e8, RDI=0x0000000001fb9780
R8 =0x000000001d216800, R9 =0x000000000000ff00, R10=0x0000000000000000, R11=0x0000026b002a0012
R12=0x0000000000000000, R13=0x000000001d21cd08, R14=0x0000000000000000, R15=0x0000000000000000
RIP=0x000000006ff3a0a5, EFLAGS=0x0000000000010206

Top of Stack: (sp=0x000000001da8f0d0)
0x000000001da8f0d0:   000000001d216800 000000001d216800
0x000000001da8f0e0:   000000001da8f198 0000000070142f0b
0x000000001da8f0f0:   000000001d216800 000000007015f76d
0x000000001da8f100:   0000000000000000 0000000061ad9155
0x000000001da8f110:   000000001d297b58 0000000061ae291e
0x000000001da8f120:   000000001d216800 0000000000000000
0x000000001da8f130:   0000000000000000 0000000000000000
0x000000001da8f140:   1000b62d0c00b206 0000000061ae1a15
0x000000001da8f150:   000000001da8f1e8 000000001da8f1c0
0x000000001da8f160:   0000000000000001 000000001d297b58
0x000000001da8f170:   1000b62d0c00b206 0000000061ac53b3
0x000000001da8f180:   000000001da8f2b0 0000000000000001
0x000000001da8f190:   0000000000000001 000000001d297b58
0x000000001da8f1a0:   0000000000000008 0000000000000000
0x000000001da8f1b0:   0000000000000000 0000000000000000
0x000000001da8f1c0:   0000000000000001 0000000061ac5571 

Instructions: (pc=0x000000006ff3a0a5)
0x000000006ff3a085:   cc cc cc cc cc cc cc cc cc cc cc 48 83 ec 28 48
0x000000006ff3a095:   85 c9 75 07 33 c0 48 83 c4 28 c3 48 89 5c 24 20
0x000000006ff3a0a5:   48 8b 19 48 85 db 74 20 48 83 fb 37 74 1a 48 8b
0x000000006ff3a0b5:   13 48 8b cb ff 52 10 84 c0 74 0d 48 8b c3 48 8b 


Register to memory mapping:

RAX=0x000000001da8f101 is pointing into the stack for thread: 0x000000001d216800
RBX=0x000000001d216800 is a thread
RCX=0x1000b62d0c00b206 is an unknown value
RDX=0x0000000000000000 is an unknown value
RSP=0x000000001da8f0d0 is pointing into the stack for thread: 0x000000001d216800
RBP=0x1000b62d0c00b206 is an unknown value
RSI=0x000000001da8f1e8 is pointing into the stack for thread: 0x000000001d216800
RDI=0x0000000001fb9780 is an unknown value
R8 =0x000000001d216800 is a thread
R9 =0x000000000000ff00 is an unknown value
R10=0x0000000000000000 is an unknown value
R11=0x0000026b002a0012 is an unknown value
R12=0x0000000000000000 is an unknown value
R13=0x000000001d21cd08 is an unknown value
R14=0x0000000000000000 is an unknown value
R15=0x0000000000000000 is an unknown value


Stack: [0x000000001d990000,0x000000001da90000],  sp=0x000000001da8f0d0,  free space=1020k
Native frames: (J=compiled Java code, j=interpreted, Vv=VM code, C=native code)
V  [jvm.dll+0x12a0a5]
V  [jvm.dll+0x34f76d]
C  [jdwp.dll+0x21a15]
C  [jdwp.dll+0x53b3]
C  [jdwp.dll+0x5571]
C  [jdwp.dll+0xf0a8]
C  [jdwp.dll+0x1f2d5]
C  [jdwp.dll+0x1f4aa]
V  [jvm.dll+0x1bd258]
V  [jvm.dll+0x2451a4]
V  [jvm.dll+0x29c18a]
C  [msvcr100.dll+0x21d9f]
C  [msvcr100.dll+0x21e3b]
C  [kernel32.dll+0x159cd]
C  [ntdll.dll+0x2a561]


---------------  P R O C E S S  ---------------

Java Threads: ( => current thread )
  0x000000001d372000 JavaThread "Service Thread" daemon [_thread_blocked, id=5052, stack(0x000000001e3f0000,0x000000001e4f0000)]
  0x000000001d2d1000 JavaThread "C1 CompilerThread2" daemon [_thread_blocked, id=13576, stack(0x000000001db10000,0x000000001dc10000)]
  0x000000001d2a2000 JavaThread "C2 CompilerThread1" daemon [_thread_blocked, id=8148, stack(0x000000001e190000,0x000000001e290000)]
  0x000000001d2a1800 JavaThread "C2 CompilerThread0" daemon [_thread_blocked, id=13420, stack(0x000000001e040000,0x000000001e140000)]
  0x000000001d227000 JavaThread "JDWP Command Reader" daemon [_thread_in_native, id=13036, stack(0x000000001de50000,0x000000001df50000)]
  0x000000001d223800 JavaThread "JDWP Event Helper Thread" daemon [_thread_blocked, id=3620, stack(0x000000001dc70000,0x000000001dd70000)]
=>0x000000001d216800 JavaThread "JDWP Transport Listener: dt_socket" daemon [_thread_in_vm, id=12876, stack(0x000000001d990000,0x000000001da90000)]
  0x000000001bdeb000 JavaThread "Attach Listener" daemon [_thread_blocked, id=3252, stack(0x000000001d810000,0x000000001d910000)]
  0x000000001bdea000 JavaThread "Signal Dispatcher" daemon [_thread_blocked, id=10492, stack(0x000000001d690000,0x000000001d790000)]
  0x000000001bdcf800 JavaThread "Finalizer" daemon [_thread_blocked, id=5376, stack(0x000000001d110000,0x000000001d210000)]
  0x000000001bd89000 JavaThread "Reference Handler" daemon [_thread_blocked, id=13188, stack(0x000000001cf70000,0x000000001d070000)]
  0x0000000001e8b000 JavaThread "main" [_thread_blocked, id=7628, stack(0x0000000002160000,0x0000000002260000)]

Other Threads:
  0x000000001bd81800 VMThread [stack: 0x000000001ccd0000,0x000000001cdd0000] [id=12972]
  0x000000001d3c2000 WatcherThread [stack: 0x000000001e560000,0x000000001e660000] [id=10336]

VM state:not at safepoint (normal execution)

VM Mutex/Monitor currently owned by a thread: None

Heap:
 PSYoungGen      total 75264K, used 6451K [0x000000076c500000, 0x0000000771900000, 0x00000007c0000000)
  eden space 64512K, 10% used [0x000000076c500000,0x000000076cb4cf68,0x0000000770400000)
  from space 10752K, 0% used [0x0000000770e80000,0x0000000770e80000,0x0000000771900000)
  to   space 10752K, 0% used [0x0000000770400000,0x0000000770400000,0x0000000770e80000)
 ParOldGen       total 172032K, used 0K [0x00000006c4e00000, 0x00000006cf600000, 0x000000076c500000)
  object space 172032K, 0% used [0x00000006c4e00000,0x00000006c4e00000,0x00000006cf600000)
 Metaspace       used 3298K, capacity 4724K, committed 4864K, reserved 1056768K
  class space    used 368K, capacity 424K, committed 512K, reserved 1048576K

Card table byte_map: [0x00000000119f0000,0x00000000121d0000] byte_map_base: 0x000000000e3c9000

Marking Bits: (ParMarkBitMap*) 0x000000007062a6d0
 Begin Bits: [0x0000000012e80000, 0x0000000016d48000)
 End Bits:   [0x0000000016d48000, 0x000000001ac10000)

Polling page: 0x0000000000570000

CodeCache: size=245760Kb used=1338Kb max_used=1341Kb free=244421Kb
 bounds [0x0000000002630000, 0x00000000028a0000, 0x0000000011630000]
 total_blobs=360 nmethods=129 adapters=152
 compilation: enabled

Compilation events (10 events):
Event: 0.268 Thread 0x000000001d2d1000  125       1       java.net.URLStreamHandler::getDefaultPort (2 bytes)
Event: 0.268 Thread 0x000000001d2d1000 nmethod 125 0x000000000277a750 code [0x000000000277a8a0, 0x000000000277a9b0]
Event: 0.272 Thread 0x000000001d2a2000  126       4       sun.nio.cs.UTF_8$Encoder::encode (359 bytes)
Event: 0.272 Thread 0x000000001d2d1000  127       3       sun.misc.URLClassPath$JarLoader::findResource (18 bytes)
Event: 0.273 Thread 0x000000001d2d1000 nmethod 127 0x000000000277c9d0 code [0x000000000277cb40, 0x000000000277ce18]
Event: 0.278 Thread 0x000000001d2a2000 nmethod 126 0x000000000277c290 code [0x000000000277c3e0, 0x000000000277c7d8]
Event: 2166.747 Thread 0x000000001d2d1000  128       3       java.util.HashMap::put (13 bytes)
Event: 2166.747 Thread 0x000000001d2d1000 nmethod 128 0x000000000277bc10 code [0x000000000277bda0, 0x000000000277c158]
Event: 2166.747 Thread 0x000000001d2d1000  129       3       java.util.HashMap::putVal (300 bytes)
Event: 2166.749 Thread 0x000000001d2d1000 nmethod 129 0x000000000277e890 code [0x000000000277eb00, 0x000000000277fe58]

GC Heap History (0 events):
No events

Deoptimization events (0 events):
No events

Internal exceptions (6 events):
Event: 0.038 Thread 0x0000000001e8b000 Exception <a 'java/lang/NoSuchMethodError': Method sun.misc.Unsafe.defineClass(Ljava/lang/String;[BII)Ljava/lang/Class; name or signature does not match> (0x000000076c507cc0) thrown at [C:\re\workspace\8-2-build-windows-amd64-cygwin\jdk8u101\7261\hotspot\s-5Ÿ
ç£?
Event: 0.038 Thread 0x0000000001e8b000 Exception <a 'java/lang/NoSuchMethodError': Method sun.misc.Unsafe.prefetchRead(Ljava/lang/Object;J)V name or signature does not match> (0x000000076c507fa8) thrown at [C:\re\workspace\8-2-build-windows-amd64-cygwin\jdk8u101\7261\hotspot\src\share\vm\prims\Õe√6ÇŒ?
Event: 0.235 Thread 0x0000000001e8b000 Exception <a 'java/security/PrivilegedActionException'> (0x000000076c91e008) thrown at [C:\re\workspace\8-2-build-windows-amd64-cygwin\jdk8u101\7261\hotspot\src\share\vm\prims\jvm.cpp, line 1386]
Event: 0.235 Thread 0x0000000001e8b000 Exception <a 'java/security/PrivilegedActionException'> (0x000000076c91e218) thrown at [C:\re\workspace\8-2-build-windows-amd64-cygwin\jdk8u101\7261\hotspot\src\share\vm\prims\jvm.cpp, line 1386]
Event: 0.236 Thread 0x0000000001e8b000 Exception <a 'java/security/PrivilegedActionException'> (0x000000076c922100) thrown at [C:\re\workspace\8-2-build-windows-amd64-cygwin\jdk8u101\7261\hotspot\src\share\vm\prims\jvm.cpp, line 1386]
Event: 0.236 Thread 0x0000000001e8b000 Exception <a 'java/security/PrivilegedActionException'> (0x000000076c922310) thrown at [C:\re\workspace\8-2-build-windows-amd64-cygwin\jdk8u101\7261\hotspot\src\share\vm\prims\jvm.cpp, line 1386]

Events (10 events):
Event: 1908.555 Executing VM operation: ChangeBreakpoints
Event: 1908.555 Executing VM operation: ChangeBreakpoints done
Event: 2166.746 Executing VM operation: ChangeBreakpoints
Event: 2166.746 Executing VM operation: ChangeBreakpoints done
Event: 2166.747 loading class java/lang/NoSuchFieldException
Event: 2166.747 loading class java/lang/NoSuchFieldException done
Event: 2166.748 Executing VM operation: RedefineClasses
Event: 2166.749 Executing VM operation: RedefineClasses done
Event: 79789.913 Executing VM operation: RedefineClasses
Event: 79789.929 Executing VM operation: RedefineClasses done


Dynamic libraries:
0x000000013f4c0000 - 0x000000013f4f7000 	C:\Program Files\Java\jdk1.8.0_101\bin\java.exe
0x00000000772c0000 - 0x000000007746a000 	C:\WINDOWS\SYSTEM32\ntdll.dll
0x00000000770a0000 - 0x00000000771bf000 	C:\WINDOWS\system32\kernel32.dll
0x000007fefd080000 - 0x000007fefd0ea000 	C:\WINDOWS\system32\KERNELBASE.dll
0x0000000074ca0000 - 0x0000000074d29000 	C:\WINDOWS\System32\SYSFER.DLL
0x000007fefd580000 - 0x000007fefd65b000 	C:\WINDOWS\system32\ADVAPI32.dll
0x000007fefee10000 - 0x000007fefeeaf000 	C:\WINDOWS\system32\msvcrt.dll
0x000007feff330000 - 0x000007feff34f000 	C:\WINDOWS\SYSTEM32\sechost.dll
0x000007fefd820000 - 0x000007fefd94d000 	C:\WINDOWS\system32\RPCRT4.dll
0x00000000771c0000 - 0x00000000772ba000 	C:\WINDOWS\system32\USER32.dll
0x000007fefd780000 - 0x000007fefd7e7000 	C:\WINDOWS\system32\GDI32.dll
0x000007fefee00000 - 0x000007fefee0e000 	C:\WINDOWS\system32\LPK.dll
0x000007fefed30000 - 0x000007fefedfb000 	C:\WINDOWS\system32\USP10.dll
0x000007fefb9c0000 - 0x000007fefbbb4000 	C:\WINDOWS\WinSxS\amd64_microsoft.windows.common-controls_6595b64144ccf1df_6.0.7601.18837_none_fa3b1e3d17594757\COMCTL32.dll
0x000007fefd370000 - 0x000007fefd3e1000 	C:\WINDOWS\system32\SHLWAPI.dll
0x000007fefd7f0000 - 0x000007fefd81e000 	C:\WINDOWS\system32\IMM32.DLL
0x000007fefd670000 - 0x000007fefd779000 	C:\WINDOWS\system32\MSCTF.dll
0x0000000061d00000 - 0x0000000061dd2000 	C:\Program Files\Java\jdk1.8.0_101\jre\bin\msvcr100.dll
0x000000006fe10000 - 0x00000000706aa000 	C:\Program Files\Java\jdk1.8.0_101\jre\bin\server\jvm.dll
0x000007fef9870000 - 0x000007fef9879000 	C:\WINDOWS\system32\WSOCK32.dll
0x000007fefeeb0000 - 0x000007fefeefd000 	C:\WINDOWS\system32\WS2_32.dll
0x000007fefd660000 - 0x000007fefd668000 	C:\WINDOWS\system32\NSI.dll
0x000007fefa810000 - 0x000007fefa84b000 	C:\WINDOWS\system32\WINMM.dll
0x000007fefc080000 - 0x000007fefc08c000 	C:\WINDOWS\system32\VERSION.dll
0x0000000077490000 - 0x0000000077497000 	C:\WINDOWS\system32\PSAPI.DLL
0x0000000000560000 - 0x000000000056f000 	C:\Program Files\Java\jdk1.8.0_101\jre\bin\verify.dll
0x000000006e4b0000 - 0x000000006e4d9000 	C:\Program Files\Java\jdk1.8.0_101\jre\bin\java.dll
0x0000000061ac0000 - 0x0000000061af5000 	C:\Program Files\Java\jdk1.8.0_101\jre\bin\jdwp.dll
0x000000006e4a0000 - 0x000000006e4a8000 	C:\Program Files\Java\jdk1.8.0_101\jre\bin\npt.dll
0x0000000062f00000 - 0x0000000062f23000 	C:\Program Files\Java\jdk1.8.0_101\jre\bin\instrument.dll
0x00000000635d0000 - 0x00000000635e6000 	C:\Program Files\Java\jdk1.8.0_101\jre\bin\zip.dll
0x000007fefd950000 - 0x000007fefe6da000 	C:\WINDOWS\system32\SHELL32.dll
0x000007fefe6e0000 - 0x000007fefe8dc000 	C:\WINDOWS\system32\ole32.dll
0x000007fefcfc0000 - 0x000007fefcfcf000 	C:\WINDOWS\system32\profapi.dll
0x000000006bd00000 - 0x000000006bd09000 	C:\Program Files\Java\jdk1.8.0_101\jre\bin\dt_socket.dll
0x000007fefc780000 - 0x000007fefc7d5000 	C:\WINDOWS\system32\mswsock.dll
0x000007fefc150000 - 0x000007fefc157000 	C:\WINDOWS\System32\wshtcpip.dll
0x000007fefa080000 - 0x000007fefa1a5000 	C:\WINDOWS\system32\dbghelp.dll

VM Arguments:
jvm_args: -agentlib:jdwp=transport=dt_socket,address=127.0.0.1:13314,suspend=y,server=n -javaagent:C:\Users\gamanse1.OCNET\.IntelliJIdea2017.2\system\groovyHotSwap\gragent.jar -Dfile.encoding=UTF-8 
java_command: JsonParserApplication C:\json-parser\src\main\resources\test-files
java_class_path (initial): C:\Program Files\Java\jdk1.8.0_101\jre\lib\charsets.jar;C:\Program Files\Java\jdk1.8.0_101\jre\lib\deploy.jar;C:\Program Files\Java\jdk1.8.0_101\jre\lib\ext\access-bridge-64.jar;C:\Program Files\Java\jdk1.8.0_101\jre\lib\ext\cldrdata.jar;C:\Program Files\Java\jdk1.8.0_101\jre\lib\ext\dnsns.jar;C:\Program Files\Java\jdk1.8.0_101\jre\lib\ext\jaccess.jar;C:\Program Files\Java\jdk1.8.0_101\jre\lib\ext\jfxrt.jar;C:\Program Files\Java\jdk1.8.0_101\jre\lib\ext\localedata.jar;C:\Program Files\Java\jdk1.8.0_101\jre\lib\ext\nashorn.jar;C:\Program Files\Java\jdk1.8.0_101\jre\lib\ext\sunec.jar;C:\Program Files\Java\jdk1.8.0_101\jre\lib\ext\sunjce_provider.jar;C:\Program Files\Java\jdk1.8.0_101\jre\lib\ext\sunmscapi.jar;C:\Program Files\Java\jdk1.8.0_101\jre\lib\ext\sunpkcs11.jar;C:\Program Files\Java\jdk1.8.0_101\jre\lib\ext\zipfs.jar;C:\Program Files\Java\jdk1.8.0_101\jre\lib\javaws.jar;C:\Program Files\Java\jdk1.8.0_101\jre\lib\jce.jar;C:\Program Files\Java\jdk1.8.0_101\jre\lib\jfr.jar;C:\Program Files\Java\jdk1.8.0_101\jre\lib\jfxswt.jar;C:\Program Files\Java\jdk1.8.0_101\jre\lib\jsse.jar;C:\Program Files\Java\jdk1.8.0_101\jre\lib\management-agent.jar;C:\Program Files\Java\jdk1.8.0_101\jre\lib\plugin.jar;C:\Program Files\Java\jdk1.8.0_101\jre\lib\resources.jar;C:\Program Files\Java\jdk1.8.0_101\jre\lib\rt.jar;C:\json-parser\out\production\classes;C:\json-parser\out\production\resources;C:\Users\gamanse1.OCNET\.gradle\caches\modules-2\files-2.1\com.google.guava\guava\19.0\6ce200f6b23222af3d8abb6b6459e6c44f4bb0e9\guava-19.0.jar;C:\Users\gamanse1.OCNET\.gradle\caches\modules-2\files-2.1\com.google.code.gson\gson\2.7\751f548c85fa49f330cecbb1875893f971b33c4e\gson-2.7.jar;C:\Users\gamanse1.OCNET\.gradle\caches\modules-2\files-2.1\org.slf4j\slf4j-log4j12\1.7.25\110cefe2df103412849d72ef7a67e4e91e4266b4\slf4j-log4j12-1.7.25.jar;C:\Users\gamanse1.OCNET\.gradle\caches\modules-2\files-2.1\org.slf4j\slf4j-api\1.7.25\da76ca59f6a57ee3102f8f9bd9cee742973efa8a\sl
Launcher Type: SUN_STANDARD

Environment Variables:
JAVA_HOME=C:\Program Files\Java\jdk1.8.0_101
PATH=C:\ProgramData\Oracle\Java\javapath;C:\WINDOWS\system32;C:\WINDOWS;C:\WINDOWS\System32\Wbem;C:\Program Files (x86)\Lenovo\Access Connections\;C:\Program Files (x86)\Windows Kits\8.1\Windows Performance Toolkit\;C:\Program Files\Microsoft SQL Server\110\Tools\Binn\;C:\Program Files (x86)\Microsoft SDKs\TypeScript\1.0\;C:\Program Files\Microsoft\Web Platform Installer\;C:\WINDOWS\System32\WindowsPowerShell\v1.0\;C:\Program Files\Microsoft SQL Server\Client SDK\ODBC\110\Tools\Binn\;C:\Program Files (x86)\Microsoft SQL Server\120\Tools\Binn\;C:\Program Files\Microsoft SQL Server\120\Tools\Binn\;C:\Program Files\Microsoft SQL Server\120\DTS\Binn\;C:\Program Files (x86)\Microsoft SQL Server\120\Tools\Binn\ManagementStudio\;C:\Program Files (x86)\Microsoft SQL Server\120\DTS\Binn\;C:\WINDOWS\system32\config\systemprofile\.dnx\bin;C:\Program Files\Microsoft DNX\Dnvm\;C:\HashiCorp\Vagrant\bin;C:\Program Files\Git\cmd;C:\Program Files (x86)\scala\bin;C:\Program Files\MySQL\MySQL Utilities 1.6\;C:\WINDOWS\System32\WindowsPowerShell\v1.0\;;ssh.exe;C:\Program Files\Git\bin;C:\apache-maven-3.3.9\bin;C:\gradle-3.0\bin;C:\Program Files\Git\bin;C:\Program Files\Java\jdk1.8.0_101\bin;C:\openalpr-2.3.0-win-64bit\openalpr_64
USERNAME=GAMANSE1
OS=Windows_NT
PROCESSOR_IDENTIFIER=Intel64 Family 6 Model 60 Stepping 3, GenuineIntel



---------------  S Y S T E M  ---------------

OS: Windows 7 , 64 bit Build 7601 (6.1.7601.23915)

CPU:total 4 (2 cores per cpu, 2 threads per core) family 6 model 60 stepping 3, cmov, cx8, fxsr, mmx, sse, sse2, sse3, ssse3, sse4.1, sse4.2, popcnt, avx, avx2, aes, clmul, erms, lzcnt, ht, tsc, tscinvbit, bmi1, bmi2

Memory: 4k page, physical 16455824k(7136488k free), swap 32909788k(18223908k free)

vm_info: Java HotSpot(TM) 64-Bit Server VM (25.101-b13) for windows-amd64 JRE (1.8.0_101-b13), built on Jun 22 2016 01:21:29 by "java_re" with MS VC++ 10.0 (VS2010)

time: Fri Oct 27 14:55:10 2017
elapsed time: 79790 seconds (0d 22h 9m 50s)

